<?xml version="1.0" encoding="UTF-8"?>
<testsuite xmlns:xsi="http://www.w3.org/2001/XMLSchema-instance" xsi:noNamespaceSchemaLocation="https://maven.apache.org/surefire/maven-surefire-plugin/xsd/surefire-test-report.xsd" name="runners.MyRunner" time="36.829" tests="50" errors="0" skipped="0" failures="0">
  <properties>
[...]
</properties>
  <testcase name="Given that i am on the pharma website" classname="| ACTIVE INGREDIENTS |" time="0.001"/>
  <testcase name="Then i should have ACTIVE INGREDIENTS element on the screen" classname="| ACTIVE INGREDIENTS |" time="0"/>
  <testcase name="Then quit" classname="| ACTIVE INGREDIENTS |" time="0"/>
  <testcase name="| ACTIVE INGREDIENTS |" classname="| ACTIVE INGREDIENTS |" time="0.001"/>
  <testcase name="Given that i am on the pharma website" classname="| NDA NUMBER |" time="0"/>
  <testcase name="Then i should have NDA NUMBER element on the screen" classname="| NDA NUMBER |" time="0"/>
  <testcase name="Then quit" classname="| NDA NUMBER |" time="0"/>
  <testcase name="| NDA NUMBER |" classname="| NDA NUMBER |" time="0.001"/>
  <testcase name="Given that i am on the pharma website" classname="| NAME |" time="0"/>
  <testcase name="Then i should have NAME element on the screen" classname="| NAME |" time="0"/>
  <testcase name="Then quit" classname="| NAME |" time="0"/>
  <testcase name="| NAME |" classname="| NAME |" time="0"/>
  <testcase name="Given that i am on the pharma website" classname="| MANUFACTURER |" time="0"/>
  <testcase name="Then i should have MANUFACTURER element on the screen" classname="| MANUFACTURER |" time="0"/>
  <testcase name="Then quit" classname="| MANUFACTURER |" time="0"/>
  <testcase name="| MANUFACTURER |" classname="| MANUFACTURER |" time="0"/>
  <testcase name="Given that i am on the pharma website" classname="| NAME | sulfate | 30 |" time="0"/>
  <testcase name="When i search by NAME" classname="| NAME | sulfate | 30 |" time="0"/>
  <testcase name="When i enter sulfate into the search box" classname="| NAME | sulfate | 30 |" time="0"/>
  <testcase name="Then i should have 30 items" classname="| NAME | sulfate | 30 |" time="0"/>
  <testcase name="Then quit" classname="| NAME | sulfate | 30 |" time="0"/>
  <testcase name="| NAME | sulfate | 30 |" classname="| NAME | sulfate | 30 |" time="0"/>
  <testcase name="Given that i am on the pharma website" classname="| NDA NUMBER | NDA012462 | 1 |" time="0"/>
  <testcase name="When i search by NDA NUMBER" classname="| NDA NUMBER | NDA012462 | 1 |" time="0"/>
  <testcase name="When i enter NDA012462 into the search box" classname="| NDA NUMBER | NDA012462 | 1 |" time="0"/>
  <testcase name="Then i should have 1 items" classname="| NDA NUMBER | NDA012462 | 1 |" time="0"/>
  <testcase name="Then quit" classname="| NDA NUMBER | NDA012462 | 1 |" time="0"/>
  <testcase name="| NDA NUMBER | NDA012462 | 1 |" classname="| NDA NUMBER | NDA012462 | 1 |" time="0"/>
  <testcase name="Given that i am on the pharma website" classname="| MANUFACTURER | Greenstone | 81 |" time="0"/>
  <testcase name="When i search by MANUFACTURER" classname="| MANUFACTURER | Greenstone | 81 |" time="0"/>
  <testcase name="When i enter Greenstone into the search box" classname="| MANUFACTURER | Greenstone | 81 |" time="0"/>
  <testcase name="Then i should have 81 items" classname="| MANUFACTURER | Greenstone | 81 |" time="0"/>
  <testcase name="Then quit" classname="| MANUFACTURER | Greenstone | 81 |" time="0"/>
  <testcase name="| MANUFACTURER | Greenstone | 81 |" classname="| MANUFACTURER | Greenstone | 81 |" time="0"/>
  <testcase name="Given that i am on the pharma website" classname="| NAME | sulfate | 30 | NDA021146 | ATROPINE SULFATE |" time="0"/>
  <testcase name="When i search by NAME" classname="| NAME | sulfate | 30 | NDA021146 | ATROPINE SULFATE |" time="0"/>
  <testcase name="When i enter sulfate into the search box" classname="| NAME | sulfate | 30 | NDA021146 | ATROPINE SULFATE |" time="0"/>
  <testcase name="Then i should have 30 items" classname="| NAME | sulfate | 30 | NDA021146 | ATROPINE SULFATE |" time="0"/>
  <testcase name="Then i click view for NDA NDA021146" classname="| NAME | sulfate | 30 | NDA021146 | ATROPINE SULFATE |" time="0"/>
  <testcase name="Then i see the drug name ATROPINE SULFATE" classname="| NAME | sulfate | 30 | NDA021146 | ATROPINE SULFATE |" time="0"/>
  <testcase name="Then quit" classname="| NAME | sulfate | 30 | NDA021146 | ATROPINE SULFATE |" time="0"/>
  <testcase name="| NAME | sulfate | 30 | NDA021146 | ATROPINE SULFATE |" classname="| NAME | sulfate | 30 | NDA021146 | ATROPINE SULFATE |" time="0"/>
  <testcase name="Given that i am on the pharma website" classname="| MANUFACTURER | Greenstone | 81 | NDA020702 | LIPITOR |" time="0"/>
  <testcase name="When i search by MANUFACTURER" classname="| MANUFACTURER | Greenstone | 81 | NDA020702 | LIPITOR |" time="0"/>
  <testcase name="When i enter Greenstone into the search box" classname="| MANUFACTURER | Greenstone | 81 | NDA020702 | LIPITOR |" time="0"/>
  <testcase name="Then i should have 81 items" classname="| MANUFACTURER | Greenstone | 81 | NDA020702 | LIPITOR |" time="0"/>
  <testcase name="Then i click view for NDA NDA020702" classname="| MANUFACTURER | Greenstone | 81 | NDA020702 | LIPITOR |" time="0"/>
  <testcase name="Then i see the drug name LIPITOR" classname="| MANUFACTURER | Greenstone | 81 | NDA020702 | LIPITOR |" time="0"/>
  <testcase name="Then quit" classname="| MANUFACTURER | Greenstone | 81 | NDA020702 | LIPITOR |" time="0"/>
  <testcase name="| MANUFACTURER | Greenstone | 81 | NDA020702 | LIPITOR |" classname="| MANUFACTURER | Greenstone | 81 | NDA020702 | LIPITOR |" time="0"/>
</testsuite>