<?xml version="1.0" encoding="UTF-8"?>
<testsuite xmlns:xsi="http://www.w3.org/2001/XMLSchema-instance" xsi:noNamespaceSchemaLocation="https://maven.apache.org/surefire/maven-surefire-plugin/xsd/surefire-test-report.xsd" name="runners.MyRunner" time="30.229" tests="59" errors="4" skipped="14" failures="2">
  <properties>
[...]
</properties>
  <testcase name="Given that i am on the pharma website" classname="| ACTIVE INGREDIENTS |" time="0.001"/>
  <testcase name="Then i should have ACTIVE INGREDIENTS element on the screen" classname="| ACTIVE INGREDIENTS |" time="0"/>
  <testcase name="Then quit" classname="| ACTIVE INGREDIENTS |" time="0"/>
  <testcase name="| ACTIVE INGREDIENTS |" classname="| ACTIVE INGREDIENTS |" time="0.001"/>
  <testcase name="Given that i am on the pharma website" classname="| NDA NUMBER |" time="0"/>
  <testcase name="Then i should have NDA NUMBER element on the screen" classname="| NDA NUMBER |" time="0"/>
  <testcase name="Then quit" classname="| NDA NUMBER |" time="0"/>
  <testcase name="| NDA NUMBER |" classname="| NDA NUMBER |" time="0.001"/>
  <testcase name="Given that i am on the pharma website" classname="| NAME |" time="0"/>
  <testcase name="Then i should have NAME element on the screen" classname="| NAME |" time="0"/>
  <testcase name="Then quit" classname="| NAME |" time="0"/>
  <testcase name="| NAME |" classname="| NAME |" time="0"/>
  <testcase name="Given that i am on the pharma website" classname="| MANUFACTURER |" time="0"/>
  <testcase name="Then i should have MANUFACTURER element on the screen" classname="| MANUFACTURER |" time="0"/>
  <testcase name="Then quit" classname="| MANUFACTURER |" time="0"/>
  <testcase name="| MANUFACTURER |" classname="| MANUFACTURER |" time="0.001"/>
  <testcase name="Given that i am on the pharma website" classname="| NAME | sulfate | 30 |" time="0"/>
  <testcase name="When i search by NAME" classname="| NAME | sulfate | 30 |" time="0"/>
  <testcase name="When i enter sulfate into the search box" classname="| NAME | sulfate | 30 |" time="0"/>
  <testcase name="Then i should have 30 items" classname="| NAME | sulfate | 30 |" time="0"/>
  <testcase name="Then quit" classname="| NAME | sulfate | 30 |" time="0"/>
  <testcase name="| NAME | sulfate | 30 |" classname="| NAME | sulfate | 30 |" time="0"/>
  <testcase name="Given that i am on the pharma website" classname="| NDA NUMBER | NDA012462 | 1 |" time="0"/>
  <testcase name="When i search by NDA NUMBER" classname="| NDA NUMBER | NDA012462 | 1 |" time="0"/>
  <testcase name="When i enter NDA012462 into the search box" classname="| NDA NUMBER | NDA012462 | 1 |" time="0"/>
  <testcase name="Then i should have 1 items" classname="| NDA NUMBER | NDA012462 | 1 |" time="0"/>
  <testcase name="Then quit" classname="| NDA NUMBER | NDA012462 | 1 |" time="0"/>
  <testcase name="| NDA NUMBER | NDA012462 | 1 |" classname="| NDA NUMBER | NDA012462 | 1 |" time="0.001"/>
  <testcase name="Given that i am on the pharma website" classname="| MANUFACTURER | Greenstone | 81 |" time="0"/>
  <testcase name="When i search by MANUFACTURER" classname="| MANUFACTURER | Greenstone | 81 |" time="0.001"/>
  <testcase name="When i enter Greenstone into the search box" classname="| MANUFACTURER | Greenstone | 81 |" time="0"/>
  <testcase name="Then i should have 81 items" classname="| MANUFACTURER | Greenstone | 81 |" time="0"/>
  <testcase name="Then quit" classname="| MANUFACTURER | Greenstone | 81 |" time="0"/>
  <testcase name="| MANUFACTURER | Greenstone | 81 |" classname="| MANUFACTURER | Greenstone | 81 |" time="0"/>
  <testcase name="Given that i am on the pharma website" classname="| NAME | sulfate | 30 | NDA021146 | ATROPINE SULFATE |" time="0"/>
  <testcase name="When i search by NAME" classname="| NAME | sulfate | 30 | NDA021146 | ATROPINE SULFATE |" time="0"/>
  <testcase name="When i enter sulfate into the search box" classname="| NAME | sulfate | 30 | NDA021146 | ATROPINE SULFATE |" time="0"/>
  <testcase name="Then i should have 30 items" classname="| NAME | sulfate | 30 | NDA021146 | ATROPINE SULFATE |" time="0"/>
  <testcase name="Then i click view for NDA NDA021146" classname="| NAME | sulfate | 30 | NDA021146 | ATROPINE SULFATE |" time="0"/>
  <testcase name="Then i see the drug name ATROPINE SULFATE" classname="| NAME | sulfate | 30 | NDA021146 | ATROPINE SULFATE |" time="0.003">
    <failure message="Drug name is wrong, expected ATROPINE SULFATE got ADDERALL XR" type="java.lang.AssertionError">java.lang.AssertionError: Drug name is wrong, expected ATROPINE SULFATE got ADDERALL XR
</failure>
  </testcase>
  <testcase name="| NAME | sulfate | 30 | NDA021146 | ATROPINE SULFATE |" classname="| NAME | sulfate | 30 | NDA021146 | ATROPINE SULFATE |" time="0.003">
    <failure message="Drug name is wrong, expected ATROPINE SULFATE got ADDERALL XR" type="java.lang.AssertionError">java.lang.AssertionError: Drug name is wrong, expected ATROPINE SULFATE got ADDERALL XR
</failure>
  </testcase>
  <testcase name="Then quit" classname="| NAME | sulfate | 30 | NDA021146 | ATROPINE SULFATE |" time="0">
    <skipped/>
  </testcase>
  <testcase name="Given that i am on the pharma website" classname="| MANUFACTURER | Greenstone | 81 | NDA020702 | LIPITOR |" time="0.001">
    <error message="Could not create a session: The Safari instance is already paired with a different session.&#10;Build info: version: &apos;3.11.0&apos;, revision: &apos;e59cfb3&apos;, time: &apos;2018-03-11T20:26:55.152Z&apos;&#10;System info: host: &apos;MichaelPersonal&apos;, ip: &apos;fe80:0:0:0:c24:846b:faef:9230%en0&apos;, os.name: &apos;Mac OS X&apos;, os.arch: &apos;x86_64&apos;, os.version: &apos;10.16&apos;, java.version: &apos;1.8.0_211&apos;&#10;Driver info: driver.version: SafariDriver&#10;remote stacktrace: " type="org.openqa.selenium.SessionNotCreatedException">org.openqa.selenium.SessionNotCreatedException: 
Could not create a session: The Safari instance is already paired with a different session.
Build info: version: '3.11.0', revision: 'e59cfb3', time: '2018-03-11T20:26:55.152Z'
System info: host: 'MichaelPersonal', ip: 'fe80:0:0:0:c24:846b:faef:9230%en0', os.name: 'Mac OS X', os.arch: 'x86_64', os.version: '10.16', java.version: '1.8.0_211'
Driver info: driver.version: SafariDriver
remote stacktrace: 
</error>
    <system-out><![CDATA[
  @run
  Scenario Outline: view drug details         &amp#27;[90m# search.feature:46&amp#27;[0m
    &amp#27;[32mGiven &amp#27;[0m&amp#27;[32mthat i am on the pharma website&amp#27;[0m     &amp#27;[90m# Search.startOnHomePage()&amp#27;[0m
    &amp#27;[32mWhen &amp#27;[0m&amp#27;[32mi search by &amp#27;[0m&amp#27;[32m&amp#27;[1mNAME&amp#27;[0m                     &amp#27;[90m# Search.setSearchType(String)&amp#27;[0m
    &amp#27;[32mWhen &amp#27;[0m&amp#27;[32mi enter &amp#27;[0m&amp#27;[32m&amp#27;[1msulfate&amp#27;[0m&amp#27;[32m into the search box&amp#27;[0m  &amp#27;[90m# Search.enterSearchTerm(String)&amp#27;[0m
    &amp#27;[32mThen &amp#27;[0m&amp#27;[32mi should have &amp#27;[0m&amp#27;[32m&amp#27;[1m30&amp#27;[0m&amp#27;[32m items&amp#27;[0m               &amp#27;[90m# Search.checkSearchResultItemCount(String)&amp#27;[0m
    &amp#27;[32mThen &amp#27;[0m&amp#27;[32mi click view for NDA &amp#27;[0m&amp#27;[32m&amp#27;[1mNDA021146&amp#27;[0m       &amp#27;[90m# Search.clickView(String)&amp#27;[0m
    &amp#27;[31mThen &amp#27;[0m&amp#27;[31mi see the drug name &amp#27;[0m&amp#27;[31m&amp#27;[1mATROPINE SULFATE&amp#27;[0m &amp#27;[90m# Search.findDrugNameOnPage(String)&amp#27;[0m
      &amp#27;[31mjava.lang.AssertionError: Drug name is wrong, expected ATROPINE SULFATE got ADDERALL XR
      	at org.junit.Assert.fail(Assert.java:88)
      	at org.junit.Assert.assertTrue(Assert.java:41)
      	at bindings.Search.findDrugNameOnPage(Search.java:208)
      	at ✽.Then i see the drug name ATROPINE SULFATE(search.feature:41)
      &amp#27;[0m
    &amp#27;[36mThen &amp#27;[0m&amp#27;[36mquit&amp#27;[0m                                 &amp#27;[90m# Search.quit()&amp#27;[0m
]]></system-out>
  </testcase>
  <testcase name="| MANUFACTURER | Greenstone | 81 | NDA020702 | LIPITOR |" classname="| MANUFACTURER | Greenstone | 81 | NDA020702 | LIPITOR |" time="0.001">
    <error message="Could not create a session: The Safari instance is already paired with a different session.&#10;Build info: version: &apos;3.11.0&apos;, revision: &apos;e59cfb3&apos;, time: &apos;2018-03-11T20:26:55.152Z&apos;&#10;System info: host: &apos;MichaelPersonal&apos;, ip: &apos;fe80:0:0:0:c24:846b:faef:9230%en0&apos;, os.name: &apos;Mac OS X&apos;, os.arch: &apos;x86_64&apos;, os.version: &apos;10.16&apos;, java.version: &apos;1.8.0_211&apos;&#10;Driver info: driver.version: SafariDriver&#10;remote stacktrace: " type="org.openqa.selenium.SessionNotCreatedException">org.openqa.selenium.SessionNotCreatedException: 
Could not create a session: The Safari instance is already paired with a different session.
Build info: version: '3.11.0', revision: 'e59cfb3', time: '2018-03-11T20:26:55.152Z'
System info: host: 'MichaelPersonal', ip: 'fe80:0:0:0:c24:846b:faef:9230%en0', os.name: 'Mac OS X', os.arch: 'x86_64', os.version: '10.16', java.version: '1.8.0_211'
Driver info: driver.version: SafariDriver
remote stacktrace: 
</error>
  </testcase>
  <testcase name="When i search by MANUFACTURER" classname="| MANUFACTURER | Greenstone | 81 | NDA020702 | LIPITOR |" time="0">
    <skipped/>
  </testcase>
  <testcase name="When i enter Greenstone into the search box" classname="| MANUFACTURER | Greenstone | 81 | NDA020702 | LIPITOR |" time="0">
    <skipped/>
  </testcase>
  <testcase name="Then i should have 81 items" classname="| MANUFACTURER | Greenstone | 81 | NDA020702 | LIPITOR |" time="0">
    <skipped/>
  </testcase>
  <testcase name="Then i click view for NDA NDA020702" classname="| MANUFACTURER | Greenstone | 81 | NDA020702 | LIPITOR |" time="0">
    <skipped/>
  </testcase>
  <testcase name="Then i see the drug name LIPITOR" classname="| MANUFACTURER | Greenstone | 81 | NDA020702 | LIPITOR |" time="0">
    <skipped/>
  </testcase>
  <testcase name="Then quit" classname="| MANUFACTURER | Greenstone | 81 | NDA020702 | LIPITOR |" time="0">
    <skipped/>
  </testcase>
  <testcase name="Given that i am on the pharma website" classname="| NAME | sulfate | 30 | NDA021146 | 2 | 4 | 10 |" time="0.001">
    <error message="Could not create a session: The Safari instance is already paired with a different session.&#10;Build info: version: &apos;3.11.0&apos;, revision: &apos;e59cfb3&apos;, time: &apos;2018-03-11T20:26:55.152Z&apos;&#10;System info: host: &apos;MichaelPersonal&apos;, ip: &apos;fe80:0:0:0:c24:846b:faef:9230%en0&apos;, os.name: &apos;Mac OS X&apos;, os.arch: &apos;x86_64&apos;, os.version: &apos;10.16&apos;, java.version: &apos;1.8.0_211&apos;&#10;Driver info: driver.version: SafariDriver&#10;remote stacktrace: " type="org.openqa.selenium.SessionNotCreatedException">org.openqa.selenium.SessionNotCreatedException: 
Could not create a session: The Safari instance is already paired with a different session.
Build info: version: '3.11.0', revision: 'e59cfb3', time: '2018-03-11T20:26:55.152Z'
System info: host: 'MichaelPersonal', ip: 'fe80:0:0:0:c24:846b:faef:9230%en0', os.name: 'Mac OS X', os.arch: 'x86_64', os.version: '10.16', java.version: '1.8.0_211'
Driver info: driver.version: SafariDriver
remote stacktrace: 
</error>
    <system-out><![CDATA[
  @run
  Scenario Outline: view drug details           &amp#27;[90m# search.feature:47&amp#27;[0m
    &amp#27;[31mGiven &amp#27;[0m&amp#27;[31mthat i am on the pharma website&amp#27;[0m       &amp#27;[90m# Search.startOnHomePage()&amp#27;[0m
      &amp#27;[31morg.openqa.selenium.SessionNotCreatedException: Could not create a session: The Safari instance is already paired with a different session.
      Build info: version: '3.11.0', revision: 'e59cfb3', time: '2018-03-11T20:26:55.152Z'
      System info: host: 'MichaelPersonal', ip: 'fe80:0:0:0:c24:846b:faef:9230%en0', os.name: 'Mac OS X', os.arch: 'x86_64', os.version: '10.16', java.version: '1.8.0_211'
      Driver info: driver.version: SafariDriver
      remote stacktrace: 
      	at sun.reflect.NativeConstructorAccessorImpl.newInstance0(Native Method)
      	at sun.reflect.NativeConstructorAccessorImpl.newInstance(NativeConstructorAccessorImpl.java:62)
      	at sun.reflect.DelegatingConstructorAccessorImpl.newInstance(DelegatingConstructorAccessorImpl.java:45)
      	at java.lang.reflect.Constructor.newInstance(Constructor.java:423)
      	at org.openqa.selenium.remote.W3CHandshakeResponse.lambda$new$0(W3CHandshakeResponse.java:57)
      	at org.openqa.selenium.remote.W3CHandshakeResponse.lambda$getResponseFunction$2(W3CHandshakeResponse.java:104)
      	at org.openqa.selenium.remote.ProtocolHandshake.lambda$createSession$0(ProtocolHandshake.java:123)
      	at java.util.stream.ReferencePipeline$3$1.accept(ReferencePipeline.java:193)
      	at java.util.Spliterators$ArraySpliterator.tryAdvance(Spliterators.java:958)
      	at java.util.stream.ReferencePipeline.forEachWithCancel(ReferencePipeline.java:126)
      	at java.util.stream.AbstractPipeline.copyIntoWithCancel(AbstractPipeline.java:498)
      	at java.util.stream.AbstractPipeline.copyInto(AbstractPipeline.java:485)
      	at java.util.stream.AbstractPipeline.wrapAndCopyInto(AbstractPipeline.java:471)
      	at java.util.stream.FindOps$FindOp.evaluateSequential(FindOps.java:152)
      	at java.util.stream.AbstractPipeline.evaluate(AbstractPipeline.java:234)
      	at java.util.stream.ReferencePipeline.findFirst(ReferencePipeline.java:464)
      	at org.openqa.selenium.remote.ProtocolHandshake.createSession(ProtocolHandshake.java:126)
      	at org.openqa.selenium.remote.ProtocolHandshake.createSession(ProtocolHandshake.java:73)
      	at org.openqa.selenium.remote.HttpCommandExecutor.execute(HttpCommandExecutor.java:136)
      	at org.openqa.selenium.remote.service.DriverCommandExecutor.execute(DriverCommandExecutor.java:83)
      	at org.openqa.selenium.remote.RemoteWebDriver.execute(RemoteWebDriver.java:545)
      	at org.openqa.selenium.remote.RemoteWebDriver.startSession(RemoteWebDriver.java:209)
      	at org.openqa.selenium.remote.RemoteWebDriver.<init>(RemoteWebDriver.java:132)
      	at org.openqa.selenium.safari.SafariDriver.<init>(SafariDriver.java:78)
      	at org.openqa.selenium.safari.SafariDriver.<init>(SafariDriver.java:60)
      	at org.openqa.selenium.safari.SafariDriver.<init>(SafariDriver.java:38)
      	at bindings.Search.startOnHomePage(Search.java:85)
      	at ✽.Given that i am on the pharma website(search.feature:36)
      &amp#27;[0m
    &amp#27;[36mWhen &amp#27;[0m&amp#27;[36mi search by &amp#27;[0m&amp#27;[36m&amp#27;[1mMANUFACTURER&amp#27;[0m               &amp#27;[90m# Search.setSearchType(String)&amp#27;[0m
    &amp#27;[36mWhen &amp#27;[0m&amp#27;[36mi enter &amp#27;[0m&amp#27;[36m&amp#27;[1mGreenstone&amp#27;[0m&amp#27;[36m into the search box&amp#27;[0m &amp#27;[90m# Search.enterSearchTerm(String)&amp#27;[0m
    &amp#27;[36mThen &amp#27;[0m&amp#27;[36mi should have &amp#27;[0m&amp#27;[36m&amp#27;[1m81&amp#27;[0m&amp#27;[36m items&amp#27;[0m                 &amp#27;[90m# Search.checkSearchResultItemCount(String)&amp#27;[0m
    &amp#27;[36mThen &amp#27;[0m&amp#27;[36mi click view for NDA &amp#27;[0m&amp#27;[36m&amp#27;[1mNDA020702&amp#27;[0m         &amp#27;[90m# Search.clickView(String)&amp#27;[0m
    &amp#27;[36mThen &amp#27;[0m&amp#27;[36mi see the drug name &amp#27;[0m&amp#27;[36m&amp#27;[1mLIPITOR&amp#27;[0m            &amp#27;[90m# Search.findDrugNameOnPage(String)&amp#27;[0m
    &amp#27;[36mThen &amp#27;[0m&amp#27;[36mquit&amp#27;[0m                                   &amp#27;[90m# Search.quit()&amp#27;[0m

  Scenario Outline: view drug details             &amp#27;[90m# search.feature:50&amp#27;[0m
    &amp#27;[36mGiven &amp#27;[0m&amp#27;[36mthat i am on the pharma website&amp#27;[0m
    &amp#27;[36mWhen &amp#27;[0m&amp#27;[36mi search by <searchType>&amp#27;[0m
    &amp#27;[36mWhen &amp#27;[0m&amp#27;[36mi enter <searchTerm> into the search box&amp#27;[0m
    &amp#27;[36mThen &amp#27;[0m&amp#27;[36mi should have <resultCount> items&amp#27;[0m
    &amp#27;[36mWhen &amp#27;[0m&amp#27;[36mi click view for NDA <nda>&amp#27;[0m
    &amp#27;[36mWhen &amp#27;[0m&amp#27;[36mi click label <labelIndex1>&amp#27;[0m
    &amp#27;[36mWhen &amp#27;[0m&amp#27;[36mi click label <labelIndex2>&amp#27;[0m
    #Then i will have <countOfDifferences> changes
    &amp#27;[36mThen &amp#27;[0m&amp#27;[36mquit&amp#27;[0m

    # The label markers in the timeline all look the same in the doc so we
    # access them by index.  The label on the far right is 0.  When counting
    # for index be sure to not count patents.  Patents can also be clicked, but
    # they are in the list from right to left starting after the last label index
    Examples: 
]]></system-out>
  </testcase>
  <testcase name="| NAME | sulfate | 30 | NDA021146 | 2 | 4 | 10 |" classname="| NAME | sulfate | 30 | NDA021146 | 2 | 4 | 10 |" time="0.001">
    <error message="Could not create a session: The Safari instance is already paired with a different session.&#10;Build info: version: &apos;3.11.0&apos;, revision: &apos;e59cfb3&apos;, time: &apos;2018-03-11T20:26:55.152Z&apos;&#10;System info: host: &apos;MichaelPersonal&apos;, ip: &apos;fe80:0:0:0:c24:846b:faef:9230%en0&apos;, os.name: &apos;Mac OS X&apos;, os.arch: &apos;x86_64&apos;, os.version: &apos;10.16&apos;, java.version: &apos;1.8.0_211&apos;&#10;Driver info: driver.version: SafariDriver&#10;remote stacktrace: " type="org.openqa.selenium.SessionNotCreatedException">org.openqa.selenium.SessionNotCreatedException: 
Could not create a session: The Safari instance is already paired with a different session.
Build info: version: '3.11.0', revision: 'e59cfb3', time: '2018-03-11T20:26:55.152Z'
System info: host: 'MichaelPersonal', ip: 'fe80:0:0:0:c24:846b:faef:9230%en0', os.name: 'Mac OS X', os.arch: 'x86_64', os.version: '10.16', java.version: '1.8.0_211'
Driver info: driver.version: SafariDriver
remote stacktrace: 
</error>
  </testcase>
  <testcase name="When i search by NAME" classname="| NAME | sulfate | 30 | NDA021146 | 2 | 4 | 10 |" time="0">
    <skipped/>
  </testcase>
  <testcase name="When i enter sulfate into the search box" classname="| NAME | sulfate | 30 | NDA021146 | 2 | 4 | 10 |" time="0">
    <skipped/>
  </testcase>
  <testcase name="Then i should have 30 items" classname="| NAME | sulfate | 30 | NDA021146 | 2 | 4 | 10 |" time="0">
    <skipped/>
  </testcase>
  <testcase name="When i click view for NDA NDA021146" classname="| NAME | sulfate | 30 | NDA021146 | 2 | 4 | 10 |" time="0">
    <skipped/>
  </testcase>
  <testcase name="When i click label 2" classname="| NAME | sulfate | 30 | NDA021146 | 2 | 4 | 10 |" time="0">
    <skipped/>
  </testcase>
  <testcase name="When i click label 4" classname="| NAME | sulfate | 30 | NDA021146 | 2 | 4 | 10 |" time="0">
    <skipped/>
  </testcase>
  <testcase name="Then quit" classname="| NAME | sulfate | 30 | NDA021146 | 2 | 4 | 10 |" time="0">
    <skipped/>
  </testcase>
</testsuite>